  [1m[35m (3.8ms)[0m  [1m[34mSELECT sqlite_version(*)[0m
  [1m[35m (222.5ms)[0m  [1m[35mCREATE TABLE "schema_migrations" ("version" varchar NOT NULL PRIMARY KEY)[0m
  [1m[35m (187.0ms)[0m  [1m[35mCREATE TABLE "ar_internal_metadata" ("key" varchar NOT NULL PRIMARY KEY, "value" varchar, "created_at" datetime(6) NOT NULL, "updated_at" datetime(6) NOT NULL)[0m
  [1m[35m (0.3ms)[0m  [1m[34mSELECT "schema_migrations"."version" FROM "schema_migrations" ORDER BY "schema_migrations"."version" ASC[0m
Migrating to CreatePosts (20200922054622)
  [1m[35m (0.1ms)[0m  [1m[36mbegin transaction[0m
  [1m[35m (1.2ms)[0m  [1m[35mCREATE TABLE "posts" ("id" integer PRIMARY KEY AUTOINCREMENT NOT NULL, "title" varchar, "body" text, "created_at" datetime(6) NOT NULL, "updated_at" datetime(6) NOT NULL)[0m
  [1m[36mprimary::SchemaMigration Create (0.5ms)[0m  [1m[32mINSERT INTO "schema_migrations" ("version") VALUES (?)[0m  [["version", "20200922054622"]]
  [1m[35m (118.3ms)[0m  [1m[36mcommit transaction[0m
Migrating to CreateComments (20200922054706)
  [1m[35m (0.1ms)[0m  [1m[36mbegin transaction[0m
  [1m[35m (1.1ms)[0m  [1m[35mCREATE TABLE "comments" ("id" integer PRIMARY KEY AUTOINCREMENT NOT NULL, "post_id" integer NOT NULL, "body" text, "created_at" datetime(6) NOT NULL, "updated_at" datetime(6) NOT NULL, CONSTRAINT "fk_rails_2fd19c0db7"
FOREIGN KEY ("post_id")
  REFERENCES "posts" ("id")
)[0m
  [1m[35m (0.3ms)[0m  [1m[35mCREATE  INDEX "index_comments_on_post_id" ON "comments" ("post_id")[0m
  [1m[36mprimary::SchemaMigration Create (1.6ms)[0m  [1m[32mINSERT INTO "schema_migrations" ("version") VALUES (?)[0m  [["version", "20200922054706"]]
  [1m[35m (134.6ms)[0m  [1m[36mcommit transaction[0m
  [1m[36mActiveRecord::InternalMetadata Load (0.4ms)[0m  [1m[34mSELECT "ar_internal_metadata".* FROM "ar_internal_metadata" WHERE "ar_internal_metadata"."key" = ? LIMIT ?[0m  [["key", "environment"], ["LIMIT", 1]]
  [1m[35m (0.1ms)[0m  [1m[36mbegin transaction[0m
  [1m[36mActiveRecord::InternalMetadata Create (1.4ms)[0m  [1m[32mINSERT INTO "ar_internal_metadata" ("key", "value", "created_at", "updated_at") VALUES (?, ?, ?, ?)[0m  [["key", "environment"], ["value", "development"], ["created_at", "2020-09-22 05:47:44.402835"], ["updated_at", "2020-09-22 05:47:44.402835"]]
  [1m[35m (101.8ms)[0m  [1m[36mcommit transaction[0m
  [1m[35m (0.1ms)[0m  [1m[34mSELECT sqlite_version(*)[0m
  [1m[35m (0.4ms)[0m  [1m[34mSELECT "schema_migrations"."version" FROM "schema_migrations" ORDER BY "schema_migrations"."version" ASC[0m
DEPRECATION WARNING: Using `bin/rake routes` is deprecated and will be removed in Rails 6.1. Use `bin/rails routes` instead.
 (called from load at C:/Ruby/bin/rake:23)
Started GET "/posts" for ::1 at 2020-09-22 00:49:18 -0500
  [1m[35m (4.0ms)[0m  [1m[34mSELECT sqlite_version(*)[0m
  [1m[35m (1.3ms)[0m  [1m[34mSELECT "schema_migrations"."version" FROM "schema_migrations" ORDER BY "schema_migrations"."version" ASC[0m
Processing by PostsController#index as HTML
  Rendering posts/index.html.erb within layouts/application
  [1m[36mPost Load (0.5ms)[0m  [1m[34mSELECT "posts".* FROM "posts"[0m
  ↳ app/views/posts/index.html.erb:15
  Rendered posts/index.html.erb within layouts/application (Duration: 9.1ms | Allocations: 1642)
[Webpacker] Compiling...
[Webpacker] Compiled all packs in C:/Ruby/RubysP/blog/public/packs
[Webpacker] Hash: 15d1bb7b54cf6326b9ba
Version: webpack 4.44.2
Time: 4908ms
Built at: 2020-09-22 12:49:29 ├F10: AM┤
                                     Asset       Size       Chunks                         Chunk Names
    js/application-9afcbb5693aa87623e69.js    124 KiB  application  [emitted] [immutable]  application
js/application-9afcbb5693aa87623e69.js.map    139 KiB  application  [emitted] [dev]        application
                             manifest.json  364 bytes               [emitted]              
Entrypoint application = js/application-9afcbb5693aa87623e69.js js/application-9afcbb5693aa87623e69.js.map
[./app/javascript/channels sync recursive _channel\.js$] ./app/javascript/channels sync _channel\.js$ 160 bytes {application} [built]
[./app/javascript/channels/index.js] 211 bytes {application} [built]
[./app/javascript/packs/application.js] 749 bytes {application} [built]
[./node_modules/webpack/buildin/module.js] (webpack)/buildin/module.js 552 bytes {application} [built]
    + 3 hidden modules

Completed 200 OK in 11129ms (Views: 11093.7ms | ActiveRecord: 1.2ms | Allocations: 33353)


Started GET "/posts/new" for ::1 at 2020-09-22 00:49:33 -0500
Processing by PostsController#new as HTML
  Rendering posts/new.html.erb within layouts/application
  Rendered posts/_form.html.erb (Duration: 156.3ms | Allocations: 4739)
  Rendered posts/new.html.erb within layouts/application (Duration: 159.6ms | Allocations: 5095)
[Webpacker] Everything's up-to-date. Nothing to do
Completed 200 OK in 209ms (Views: 200.7ms | ActiveRecord: 1.2ms | Allocations: 12977)


Started POST "/posts" for ::1 at 2020-09-22 00:50:45 -0500
Processing by PostsController#create as HTML
  Parameters: {"authenticity_token"=>"O4jqZVan0nDJRoxTOoANaRWRA9L/5CHGQRR1qLhlbfnJpgrz8hq7D+wfBzatoHoAjG9GM+tTJrKY+TLikd6wLQ==", "post"=>{"title"=>"Cloud-based Widgets", "body"=>"Blah, blah, blah."}, "commit"=>"Create Post"}
  [1m[35m (0.1ms)[0m  [1m[36mbegin transaction[0m
  ↳ app/controllers/posts_controller.rb:30:in `block in create'
  [1m[36mPost Create (2.0ms)[0m  [1m[32mINSERT INTO "posts" ("title", "body", "created_at", "updated_at") VALUES (?, ?, ?, ?)[0m  [["title", "Cloud-based Widgets"], ["body", "Blah, blah, blah."], ["created_at", "2020-09-22 05:50:45.641150"], ["updated_at", "2020-09-22 05:50:45.641150"]]
  ↳ app/controllers/posts_controller.rb:30:in `block in create'
  [1m[35m (119.0ms)[0m  [1m[36mcommit transaction[0m
  ↳ app/controllers/posts_controller.rb:30:in `block in create'
Redirected to http://localhost:3000/posts/1
Completed 302 Found in 131ms (ActiveRecord: 121.1ms | Allocations: 3032)


Started GET "/posts/1" for ::1 at 2020-09-22 00:50:45 -0500
Processing by PostsController#show as HTML
  Parameters: {"id"=>"1"}
  [1m[36mPost Load (0.3ms)[0m  [1m[34mSELECT "posts".* FROM "posts" WHERE "posts"."id" = ? LIMIT ?[0m  [["id", 1], ["LIMIT", 1]]
  ↳ app/controllers/posts_controller.rb:67:in `set_post'
  Rendering posts/show.html.erb within layouts/application
  Rendered posts/show.html.erb within layouts/application (Duration: 2.1ms | Allocations: 260)
[Webpacker] Everything's up-to-date. Nothing to do
Completed 200 OK in 53ms (Views: 43.6ms | ActiveRecord: 0.3ms | Allocations: 6233)


Started GET "/posts" for ::1 at 2020-09-22 00:50:52 -0500
Processing by PostsController#index as HTML
  Rendering posts/index.html.erb within layouts/application
  [1m[36mPost Load (0.3ms)[0m  [1m[34mSELECT "posts".* FROM "posts"[0m
  ↳ app/views/posts/index.html.erb:15
  Rendered posts/index.html.erb within layouts/application (Duration: 3.5ms | Allocations: 796)
[Webpacker] Everything's up-to-date. Nothing to do
Completed 200 OK in 50ms (Views: 48.8ms | ActiveRecord: 0.3ms | Allocations: 5411)


Started GET "/comments" for ::1 at 2020-09-22 00:50:59 -0500
Processing by CommentsController#index as HTML
  Rendering comments/index.html.erb within layouts/application
  [1m[36mComment Load (0.6ms)[0m  [1m[34mSELECT "comments".* FROM "comments"[0m
  ↳ app/views/comments/index.html.erb:15
  Rendered comments/index.html.erb within layouts/application (Duration: 4.8ms | Allocations: 1251)
[Webpacker] Everything's up-to-date. Nothing to do
Completed 200 OK in 135ms (Views: 49.5ms | ActiveRecord: 1.2ms | Allocations: 7451)


Started GET "/comments/new" for ::1 at 2020-09-22 00:51:01 -0500
Processing by CommentsController#new as HTML
  Rendering comments/new.html.erb within layouts/application
  Rendered comments/_form.html.erb (Duration: 3.3ms | Allocations: 1155)
  Rendered comments/new.html.erb within layouts/application (Duration: 6.5ms | Allocations: 1498)
[Webpacker] Everything's up-to-date. Nothing to do
Completed 200 OK in 64ms (Views: 51.1ms | ActiveRecord: 1.4ms | Allocations: 9263)


Started POST "/comments" for ::1 at 2020-09-22 00:51:13 -0500
Processing by CommentsController#create as HTML
  Parameters: {"authenticity_token"=>"SUa3N89vDzwy9/Zdlo7nfgeiob/JCNL/XoDFxOXV871oXheLcDqeBeG1WeHmeHMu1DX4T2hCmljh74EG6558iQ==", "comment"=>{"post_id"=>"1", "body"=>"this is great!!"}, "commit"=>"Create Comment"}
  [1m[35m (0.1ms)[0m  [1m[36mbegin transaction[0m
  ↳ app/controllers/comments_controller.rb:30:in `block in create'
  [1m[36mPost Load (0.3ms)[0m  [1m[34mSELECT "posts".* FROM "posts" WHERE "posts"."id" = ? LIMIT ?[0m  [["id", 1], ["LIMIT", 1]]
  ↳ app/controllers/comments_controller.rb:30:in `block in create'
  [1m[36mComment Create (1.0ms)[0m  [1m[32mINSERT INTO "comments" ("post_id", "body", "created_at", "updated_at") VALUES (?, ?, ?, ?)[0m  [["post_id", 1], ["body", "this is great!!"], ["created_at", "2020-09-22 05:51:13.348934"], ["updated_at", "2020-09-22 05:51:13.348934"]]
  ↳ app/controllers/comments_controller.rb:30:in `block in create'
  [1m[35m (162.7ms)[0m  [1m[36mcommit transaction[0m
  ↳ app/controllers/comments_controller.rb:30:in `block in create'
Redirected to http://localhost:3000/comments/1
Completed 302 Found in 286ms (ActiveRecord: 164.1ms | Allocations: 6969)


Started GET "/comments/1" for ::1 at 2020-09-22 00:51:13 -0500
Processing by CommentsController#show as HTML
  Parameters: {"id"=>"1"}
  [1m[36mComment Load (0.4ms)[0m  [1m[34mSELECT "comments".* FROM "comments" WHERE "comments"."id" = ? LIMIT ?[0m  [["id", 1], ["LIMIT", 1]]
  ↳ app/controllers/comments_controller.rb:67:in `set_comment'
  Rendering comments/show.html.erb within layouts/application
  Rendered comments/show.html.erb within layouts/application (Duration: 1.0ms | Allocations: 260)
[Webpacker] Everything's up-to-date. Nothing to do
Completed 200 OK in 49ms (Views: 42.3ms | ActiveRecord: 0.4ms | Allocations: 5701)


Started GET "/comments" for ::1 at 2020-09-22 00:51:17 -0500
Processing by CommentsController#index as HTML
  Rendering comments/index.html.erb within layouts/application
  [1m[36mComment Load (0.4ms)[0m  [1m[34mSELECT "comments".* FROM "comments"[0m
  ↳ app/views/comments/index.html.erb:15
  Rendered comments/index.html.erb within layouts/application (Duration: 3.8ms | Allocations: 783)
[Webpacker] Everything's up-to-date. Nothing to do
Completed 200 OK in 47ms (Views: 46.0ms | ActiveRecord: 0.4ms | Allocations: 5395)


